<?xml version="1.0" encoding="UTF-8"?>
<!-- Generated by org.testng.reporters.JUnitReportReporter -->
<testsuite hostname="satyam-PC" failures="0" tests="1" name="com.testCase.InsuranceApplication.Opeb" time="11.943" errors="0" timestamp="2021-02-05T11:22:15 IST" skipped="0">
  <testcase classname="com.testCase.InsuranceApplication.Opeb" name="open" time="11.943"/>
  <system-out/>
</testsuite> <!-- com.testCase.InsuranceApplication.Opeb -->
