<?xml version="1.0" encoding="UTF-8"?>
<!-- Generated by org.testng.reporters.JUnitReportReporter -->
<testsuite hostname="satyam-PC" failures="0" tests="1" name="com.testCase.InsuranceApplication.EndToEndTest" time="7.415" errors="0" timestamp="2021-02-09T03:01:44 IST" skipped="0">
  <testcase classname="com.testCase.InsuranceApplication.EndToEndTest" name="motorCycle" time="7.415"/>
  <system-out/>
</testsuite> <!-- com.testCase.InsuranceApplication.EndToEndTest -->
