<?xml version="1.0" encoding="UTF-8"?>
<!-- Generated by org.testng.reporters.JUnitReportReporter -->
<testsuite hostname="satyam-PC" failures="0" tests="1" name="selenium.Chrome" time="11.937" errors="0" timestamp="2021-02-05T01:50:40 IST" skipped="0">
  <testcase classname="selenium.Chrome" name="Open" time="11.937"/>
  <system-out/>
</testsuite> <!-- selenium.Chrome -->
