<?xml version="1.0" encoding="UTF-8"?>
<!-- Generated by org.testng.reporters.JUnitReportReporter -->
<testsuite hostname="satyam-PC" failures="0" tests="1" name="com.pageApp.BaseClass" time="0.027" errors="0" timestamp="2021-02-05T10:11:09 IST" skipped="0">
  <testcase classname="com.pageApp.BaseClass" name="ClickOnMotoCycle" time="0.027"/>
  <system-out/>
</testsuite> <!-- com.pageApp.BaseClass -->
