<?xml version="1.0" encoding="UTF-8"?>
<!-- Generated by org.testng.reporters.JUnitReportReporter -->
<testsuite hostname="satyam-PC" failures="0" tests="2" name="com.testCase.InsuranceApplication.ErrorMessage" time="6.523" errors="0" timestamp="2021-02-09T03:02:22 IST" skipped="0">
  <testcase classname="com.testCase.InsuranceApplication.ErrorMessage" name="EmptyCylinderErrormssg" time="2.174"/>
  <system-out/>
  <testcase classname="com.testCase.InsuranceApplication.ErrorMessage" name="ErrorMssg_MotorCycle_link" time="4.349"/>
  <system-out/>
</testsuite> <!-- com.testCase.InsuranceApplication.ErrorMessage -->
