<?xml version="1.0" encoding="UTF-8"?>
<!-- Generated by org.testng.reporters.JUnitReportReporter -->
<testsuite hostname="satyam-PC" failures="0" tests="1" name="com.testCase.InsuranceApplication.FAceBook" time="0.964" errors="0" timestamp="2021-02-09T10:32:24 IST" skipped="0">
  <testcase classname="com.testCase.InsuranceApplication.FAceBook" name="open" time="0.964"/>
  <system-out/>
</testsuite> <!-- com.testCase.InsuranceApplication.FAceBook -->
